<?xml version="1.0" encoding="UTF-8" ?>
<testsuites errors="1"
            failures="1"
            tests="2">

  <testsuite name="dashboardTest"
    errors="1" failures="1" hostname="" id="" package="dashboardTest" skipped="0"
    tests="2" time="23.47" timestamp="">
  
    <testcase name="Verify user should be able to see the all the activities on the My activity" classname="dashboardTest" time="11.11" assertions="3">

    

      <failure message="Expected element &lt;.tab-icon&gt; to be visible - element was not found - expected &#34;visible&#34; but got: &#34;not found&#34; (5245ms)">    at DescribeInstance.&lt;anonymous&gt; (/home/knoldus/IdeaProjects/Go1percent/test/dashboardTest.js:14:26)</failure>

    
    <error message="Unable to locate element: .tab-icon using css selector" type="error"><![CDATA[
    NoSuchElementError: Unable to locate element: .tab-icon using css selector
    at throwDecodedError (/home/knoldus/IdeaProjects/Go1percent/node_modules/selenium-webdriver/lib/error.js:524:15)
    at ChromeDriver.handleErrorResponse (/home/knoldus/IdeaProjects/Go1percent/node_modules/nightwatch/lib/transport/selenium-webdriver/index.js:400:7)
    at TransportActions.makeResult (/home/knoldus/IdeaProjects/Go1percent/node_modules/nightwatch/lib/transport/selenium-webdriver/actions.js:85:20)
    at Object.locateMultipleElements (/home/knoldus/IdeaProjects/Go1percent/node_modules/nightwatch/lib/transport/selenium-webdriver/actions.js:71:21)
    at process.processTicksAndRejections (node:internal/process/task_queues:95:5)
    at async LocateElement.findElement (/home/knoldus/IdeaProjects/Go1percent/node_modules/nightwatch/lib/element/locator.js:167:20)
    ]]></error>
    
    </testcase>
  
    <testcase name="Verify that the user can able to see the time the activity was done on all Activity" classname="dashboardTest" time="0.02700" assertions="0">
    </testcase>
  

  
    <system-err>
       NoSuchElementError
   An element could not be located on the page using the given search parameters.

    Try fixing by :
    1. Please inspect the html before the step
    2. Verify if an element with the mentioned selector is present in the DOM tree
    </system-err>
  

    

  
  </testsuite>
</testsuites>
